<?xml version="1.0" encoding="UTF-8"?>
<!-- Generated by org.testng.reporters.JUnitReportReporter -->
<testsuite hostname="Bhavithra.local" failures="0" tests="2" name="testRunners.TestRunner" time="58.160" errors="0" timestamp="2024-11-05T20:10:31 IST" skipped="0">
  <testcase classname="testRunners.TestRunner" name="runScenario" time="13.712"/>
  <testcase classname="testRunners.TestRunner" name="runScenario" time="44.448"/>
</testsuite> <!-- testRunners.TestRunner -->
